<?xml version="1.0" encoding="UTF-8"?>
<testsuite xmlns:xsi="http://www.w3.org/2001/XMLSchema-instance" xsi:noNamespaceSchemaLocation="https://maven.apache.org/surefire/maven-surefire-plugin/xsd/surefire-test-report-3.0.xsd" version="3.0" name="TestSuite" time="6.212" tests="2" errors="0" skipped="0" failures="0">
  <properties>
    <property name="gopherProxySet" value="false"/>
    <property name="awt.toolkit" value="sun.lwawt.macosx.LWCToolkit"/>
    <property name="java.specification.version" value="11"/>
    <property name="sun.cpu.isalist" value=""/>
    <property name="sun.jnu.encoding" value="UTF-8"/>
    <property name="java.class.path" value="/Users/vidhyat/Desktop/Projects/Tests/target/test-classes:/Users/vidhyat/Desktop/Projects/Tests/target/classes:/Users/vidhyat/.m2/repository/org/seleniumhq/selenium/selenium-java/3.3.0/selenium-java-3.3.0.jar:/Users/vidhyat/.m2/repository/org/seleniumhq/selenium/selenium-chrome-driver/3.3.0/selenium-chrome-driver-3.3.0.jar:/Users/vidhyat/.m2/repository/org/seleniumhq/selenium/selenium-remote-driver/3.3.0/selenium-remote-driver-3.3.0.jar:/Users/vidhyat/.m2/repository/org/seleniumhq/selenium/selenium-api/3.3.0/selenium-api-3.3.0.jar:/Users/vidhyat/.m2/repository/cglib/cglib-nodep/3.2.4/cglib-nodep-3.2.4.jar:/Users/vidhyat/.m2/repository/org/apache/commons/commons-exec/1.3/commons-exec-1.3.jar:/Users/vidhyat/.m2/repository/com/google/code/gson/gson/2.8.0/gson-2.8.0.jar:/Users/vidhyat/.m2/repository/com/google/guava/guava/21.0/guava-21.0.jar:/Users/vidhyat/.m2/repository/org/apache/httpcomponents/httpclient/4.5.2/httpclient-4.5.2.jar:/Users/vidhyat/.m2/repository/org/apache/httpcomponents/httpcore/4.4.4/httpcore-4.4.4.jar:/Users/vidhyat/.m2/repository/net/java/dev/jna/jna-platform/4.1.0/jna-platform-4.1.0.jar:/Users/vidhyat/.m2/repository/net/java/dev/jna/jna/4.1.0/jna-4.1.0.jar:/Users/vidhyat/.m2/repository/org/seleniumhq/selenium/selenium-edge-driver/3.3.0/selenium-edge-driver-3.3.0.jar:/Users/vidhyat/.m2/repository/org/seleniumhq/selenium/selenium-firefox-driver/3.3.0/selenium-firefox-driver-3.3.0.jar:/Users/vidhyat/.m2/repository/org/seleniumhq/selenium/selenium-ie-driver/3.3.0/selenium-ie-driver-3.3.0.jar:/Users/vidhyat/.m2/repository/org/seleniumhq/selenium/selenium-opera-driver/3.3.0/selenium-opera-driver-3.3.0.jar:/Users/vidhyat/.m2/repository/org/seleniumhq/selenium/selenium-safari-driver/3.3.0/selenium-safari-driver-3.3.0.jar:/Users/vidhyat/.m2/repository/com/codeborne/phantomjsdriver/1.4.0/phantomjsdriver-1.4.0.jar:/Users/vidhyat/.m2/repository/org/seleniumhq/selenium/htmlunit-driver/2.24/htmlunit-driver-2.24.jar:/Users/vidhyat/.m2/repository/org/seleniumhq/selenium/selenium-support/3.141.59/selenium-support-3.141.59.jar:/Users/vidhyat/.m2/repository/net/bytebuddy/byte-buddy/1.8.15/byte-buddy-1.8.15.jar:/Users/vidhyat/.m2/repository/com/squareup/okhttp3/okhttp/3.11.0/okhttp-3.11.0.jar:/Users/vidhyat/.m2/repository/com/squareup/okio/okio/1.14.0/okio-1.14.0.jar:/Users/vidhyat/.m2/repository/net/sourceforge/htmlunit/htmlunit/2.24/htmlunit-2.24.jar:/Users/vidhyat/.m2/repository/xalan/xalan/2.7.2/xalan-2.7.2.jar:/Users/vidhyat/.m2/repository/xalan/serializer/2.7.2/serializer-2.7.2.jar:/Users/vidhyat/.m2/repository/org/apache/httpcomponents/httpmime/4.5.2/httpmime-4.5.2.jar:/Users/vidhyat/.m2/repository/net/sourceforge/htmlunit/htmlunit-core-js/2.23/htmlunit-core-js-2.23.jar:/Users/vidhyat/.m2/repository/net/sourceforge/htmlunit/neko-htmlunit/2.24/neko-htmlunit-2.24.jar:/Users/vidhyat/.m2/repository/xerces/xercesImpl/2.11.0/xercesImpl-2.11.0.jar:/Users/vidhyat/.m2/repository/xml-apis/xml-apis/1.4.01/xml-apis-1.4.01.jar:/Users/vidhyat/.m2/repository/net/sourceforge/cssparser/cssparser/0.9.21/cssparser-0.9.21.jar:/Users/vidhyat/.m2/repository/org/w3c/css/sac/1.3/sac-1.3.jar:/Users/vidhyat/.m2/repository/commons-io/commons-io/2.5/commons-io-2.5.jar:/Users/vidhyat/.m2/repository/commons-logging/commons-logging/1.2/commons-logging-1.2.jar:/Users/vidhyat/.m2/repository/org/eclipse/jetty/websocket/websocket-client/9.2.20.v20161216/websocket-client-9.2.20.v20161216.jar:/Users/vidhyat/.m2/repository/org/eclipse/jetty/jetty-util/9.2.20.v20161216/jetty-util-9.2.20.v20161216.jar:/Users/vidhyat/.m2/repository/org/eclipse/jetty/jetty-io/9.2.20.v20161216/jetty-io-9.2.20.v20161216.jar:/Users/vidhyat/.m2/repository/org/eclipse/jetty/websocket/websocket-common/9.2.20.v20161216/websocket-common-9.2.20.v20161216.jar:/Users/vidhyat/.m2/repository/org/eclipse/jetty/websocket/websocket-api/9.2.20.v20161216/websocket-api-9.2.20.v20161216.jar:/Users/vidhyat/.m2/repository/org/testng/testng/6.10/testng-6.10.jar:/Users/vidhyat/.m2/repository/com/beust/jcommander/1.48/jcommander-1.48.jar:/Users/vidhyat/.m2/repository/log4j/log4j/1.2.17/log4j-1.2.17.jar:/Users/vidhyat/.m2/repository/org/apache/poi/poi-ooxml/3.14/poi-ooxml-3.14.jar:/Users/vidhyat/.m2/repository/org/apache/poi/poi-ooxml-schemas/3.14/poi-ooxml-schemas-3.14.jar:/Users/vidhyat/.m2/repository/org/apache/xmlbeans/xmlbeans/2.6.0/xmlbeans-2.6.0.jar:/Users/vidhyat/.m2/repository/stax/stax-api/1.0.1/stax-api-1.0.1.jar:/Users/vidhyat/.m2/repository/com/github/virtuald/curvesapi/1.03/curvesapi-1.03.jar:/Users/vidhyat/.m2/repository/org/apache/poi/poi/3.14/poi-3.14.jar:/Users/vidhyat/.m2/repository/commons-codec/commons-codec/1.10/commons-codec-1.10.jar:/Users/vidhyat/.m2/repository/com/relevantcodes/extentreports/2.40.2/extentreports-2.40.2.jar:/Users/vidhyat/.m2/repository/org/jsoup/jsoup/1.8.3/jsoup-1.8.3.jar:/Users/vidhyat/.m2/repository/org/xerial/sqlite-jdbc/3.8.11.1/sqlite-jdbc-3.8.11.1.jar:/Users/vidhyat/.m2/repository/org/freemarker/freemarker/2.3.23/freemarker-2.3.23.jar:/Users/vidhyat/.m2/repository/org/apache/maven/plugins/maven-surefire-plugin/2.19.1/maven-surefire-plugin-2.19.1.jar:/Users/vidhyat/.m2/repository/org/apache/maven/maven-plugin-api/2.2.1/maven-plugin-api-2.2.1.jar:/Users/vidhyat/.m2/repository/org/apache/maven/surefire/maven-surefire-common/2.19.1/maven-surefire-common-2.19.1.jar:/Users/vidhyat/.m2/repository/org/apache/maven/surefire/surefire-booter/2.19.1/surefire-booter-2.19.1.jar:/Users/vidhyat/.m2/repository/org/apache/maven/maven-artifact/2.2.1/maven-artifact-2.2.1.jar:/Users/vidhyat/.m2/repository/org/codehaus/plexus/plexus-utils/1.5.15/plexus-utils-1.5.15.jar:/Users/vidhyat/.m2/repository/org/apache/maven/maven-plugin-descriptor/2.2.1/maven-plugin-descriptor-2.2.1.jar:/Users/vidhyat/.m2/repository/org/codehaus/plexus/plexus-container-default/1.0-alpha-9-stable-1/plexus-container-default-1.0-alpha-9-stable-1.jar:/Users/vidhyat/.m2/repository/junit/junit/3.8.1/junit-3.8.1.jar:/Users/vidhyat/.m2/repository/org/apache/maven/maven-project/2.2.1/maven-project-2.2.1.jar:/Users/vidhyat/.m2/repository/org/apache/maven/maven-settings/2.2.1/maven-settings-2.2.1.jar:/Users/vidhyat/.m2/repository/org/apache/maven/maven-profile/2.2.1/maven-profile-2.2.1.jar:/Users/vidhyat/.m2/repository/org/apache/maven/maven-artifact-manager/2.2.1/maven-artifact-manager-2.2.1.jar:/Users/vidhyat/.m2/repository/backport-util-concurrent/backport-util-concurrent/3.1/backport-util-concurrent-3.1.jar:/Users/vidhyat/.m2/repository/org/apache/maven/maven-plugin-registry/2.2.1/maven-plugin-registry-2.2.1.jar:/Users/vidhyat/.m2/repository/org/codehaus/plexus/plexus-interpolation/1.11/plexus-interpolation-1.11.jar:/Users/vidhyat/.m2/repository/org/apache/maven/maven-model/2.2.1/maven-model-2.2.1.jar:/Users/vidhyat/.m2/repository/org/apache/maven/maven-core/2.2.1/maven-core-2.2.1.jar:/Users/vidhyat/.m2/repository/org/apache/maven/maven-plugin-parameter-documenter/2.2.1/maven-plugin-parameter-documenter-2.2.1.jar:/Users/vidhyat/.m2/repository/org/apache/maven/wagon/wagon-http/1.0-beta-6/wagon-http-1.0-beta-6.jar:/Users/vidhyat/.m2/repository/org/apache/maven/wagon/wagon-http-shared/1.0-beta-6/wagon-http-shared-1.0-beta-6.jar:/Users/vidhyat/.m2/repository/nekohtml/xercesMinimal/1.9.6.2/xercesMinimal-1.9.6.2.jar:/Users/vidhyat/.m2/repository/nekohtml/nekohtml/1.9.6.2/nekohtml-1.9.6.2.jar:/Users/vidhyat/.m2/repository/commons-httpclient/commons-httpclient/3.1/commons-httpclient-3.1.jar:/Users/vidhyat/.m2/repository/org/apache/maven/wagon/wagon-webdav-jackrabbit/1.0-beta-6/wagon-webdav-jackrabbit-1.0-beta-6.jar:/Users/vidhyat/.m2/repository/org/apache/jackrabbit/jackrabbit-webdav/1.5.0/jackrabbit-webdav-1.5.0.jar:/Users/vidhyat/.m2/repository/org/apache/jackrabbit/jackrabbit-jcr-commons/1.5.0/jackrabbit-jcr-commons-1.5.0.jar:/Users/vidhyat/.m2/repository/org/slf4j/slf4j-nop/1.5.3/slf4j-nop-1.5.3.jar:/Users/vidhyat/.m2/repository/org/slf4j/slf4j-jdk14/1.5.6/slf4j-jdk14-1.5.6.jar:/Users/vidhyat/.m2/repository/org/slf4j/slf4j-api/1.5.6/slf4j-api-1.5.6.jar:/Users/vidhyat/.m2/repository/org/slf4j/jcl-over-slf4j/1.5.6/jcl-over-slf4j-1.5.6.jar:/Users/vidhyat/.m2/repository/org/apache/maven/reporting/maven-reporting-api/2.2.1/maven-reporting-api-2.2.1.jar:/Users/vidhyat/.m2/repository/org/apache/maven/doxia/doxia-logging-api/1.1/doxia-logging-api-1.1.jar:/Users/vidhyat/.m2/repository/org/apache/maven/wagon/wagon-provider-api/1.0-beta-6/wagon-provider-api-1.0-beta-6.jar:/Users/vidhyat/.m2/repository/org/apache/maven/maven-repository-metadata/2.2.1/maven-repository-metadata-2.2.1.jar:/Users/vidhyat/.m2/repository/org/apache/maven/maven-error-diagnostics/2.2.1/maven-error-diagnostics-2.2.1.jar:/Users/vidhyat/.m2/repository/org/apache/maven/maven-monitor/2.2.1/maven-monitor-2.2.1.jar:/Users/vidhyat/.m2/repository/classworlds/classworlds/1.1/classworlds-1.1.jar:/Users/vidhyat/.m2/repository/org/sonatype/plexus/plexus-sec-dispatcher/1.3/plexus-sec-dispatcher-1.3.jar:/Users/vidhyat/.m2/repository/org/sonatype/plexus/plexus-cipher/1.4/plexus-cipher-1.4.jar:/Users/vidhyat/.m2/repository/org/apache/commons/commons-lang3/3.1/commons-lang3-3.1.jar:/Users/vidhyat/.m2/repository/org/apache/maven/surefire/surefire-api/2.19.1/surefire-api-2.19.1.jar:/Users/vidhyat/.m2/repository/org/apache/maven/maven-toolchain/2.2.1/maven-toolchain-2.2.1.jar:/Users/vidhyat/.m2/repository/org/apache/maven/plugin-tools/maven-plugin-annotations/3.3/maven-plugin-annotations-3.3.jar:"/>
    <property name="java.vm.vendor" value="Oracle Corporation"/>
    <property name="sun.arch.data.model" value="64"/>
    <property name="java.vendor.url" value="http://java.oracle.com/"/>
    <property name="user.timezone" value=""/>
    <property name="java.vm.specification.version" value="11"/>
    <property name="os.name" value="Mac OS X"/>
    <property name="sun.java.launcher" value="SUN_STANDARD"/>
    <property name="user.country" value="IN"/>
    <property name="sun.boot.library.path" value="/Library/Java/JavaVirtualMachines/openjdk-11.0.1.jdk/Contents/Home/lib"/>
    <property name="sun.java.command" value="/Users/vidhyat/Desktop/Projects/Tests/target/surefire/surefirebooter9130736008864413564.jar /Users/vidhyat/Desktop/Projects/Tests/target/surefire 2019-02-20T19-38-52_858-jvmRun1 surefire3000441453502603046tmp surefire_012713005318499106536tmp"/>
    <property name="http.nonProxyHosts" value="local|*.local|169.254/16|*.169.254/16"/>
    <property name="jdk.debug" value="release"/>
    <property name="surefire.test.class.path" value="/Users/vidhyat/Desktop/Projects/Tests/target/test-classes:/Users/vidhyat/Desktop/Projects/Tests/target/classes:/Users/vidhyat/.m2/repository/org/seleniumhq/selenium/selenium-java/3.3.0/selenium-java-3.3.0.jar:/Users/vidhyat/.m2/repository/org/seleniumhq/selenium/selenium-chrome-driver/3.3.0/selenium-chrome-driver-3.3.0.jar:/Users/vidhyat/.m2/repository/org/seleniumhq/selenium/selenium-remote-driver/3.3.0/selenium-remote-driver-3.3.0.jar:/Users/vidhyat/.m2/repository/org/seleniumhq/selenium/selenium-api/3.3.0/selenium-api-3.3.0.jar:/Users/vidhyat/.m2/repository/cglib/cglib-nodep/3.2.4/cglib-nodep-3.2.4.jar:/Users/vidhyat/.m2/repository/org/apache/commons/commons-exec/1.3/commons-exec-1.3.jar:/Users/vidhyat/.m2/repository/com/google/code/gson/gson/2.8.0/gson-2.8.0.jar:/Users/vidhyat/.m2/repository/com/google/guava/guava/21.0/guava-21.0.jar:/Users/vidhyat/.m2/repository/org/apache/httpcomponents/httpclient/4.5.2/httpclient-4.5.2.jar:/Users/vidhyat/.m2/repository/org/apache/httpcomponents/httpcore/4.4.4/httpcore-4.4.4.jar:/Users/vidhyat/.m2/repository/net/java/dev/jna/jna-platform/4.1.0/jna-platform-4.1.0.jar:/Users/vidhyat/.m2/repository/net/java/dev/jna/jna/4.1.0/jna-4.1.0.jar:/Users/vidhyat/.m2/repository/org/seleniumhq/selenium/selenium-edge-driver/3.3.0/selenium-edge-driver-3.3.0.jar:/Users/vidhyat/.m2/repository/org/seleniumhq/selenium/selenium-firefox-driver/3.3.0/selenium-firefox-driver-3.3.0.jar:/Users/vidhyat/.m2/repository/org/seleniumhq/selenium/selenium-ie-driver/3.3.0/selenium-ie-driver-3.3.0.jar:/Users/vidhyat/.m2/repository/org/seleniumhq/selenium/selenium-opera-driver/3.3.0/selenium-opera-driver-3.3.0.jar:/Users/vidhyat/.m2/repository/org/seleniumhq/selenium/selenium-safari-driver/3.3.0/selenium-safari-driver-3.3.0.jar:/Users/vidhyat/.m2/repository/com/codeborne/phantomjsdriver/1.4.0/phantomjsdriver-1.4.0.jar:/Users/vidhyat/.m2/repository/org/seleniumhq/selenium/htmlunit-driver/2.24/htmlunit-driver-2.24.jar:/Users/vidhyat/.m2/repository/org/seleniumhq/selenium/selenium-support/3.141.59/selenium-support-3.141.59.jar:/Users/vidhyat/.m2/repository/net/bytebuddy/byte-buddy/1.8.15/byte-buddy-1.8.15.jar:/Users/vidhyat/.m2/repository/com/squareup/okhttp3/okhttp/3.11.0/okhttp-3.11.0.jar:/Users/vidhyat/.m2/repository/com/squareup/okio/okio/1.14.0/okio-1.14.0.jar:/Users/vidhyat/.m2/repository/net/sourceforge/htmlunit/htmlunit/2.24/htmlunit-2.24.jar:/Users/vidhyat/.m2/repository/xalan/xalan/2.7.2/xalan-2.7.2.jar:/Users/vidhyat/.m2/repository/xalan/serializer/2.7.2/serializer-2.7.2.jar:/Users/vidhyat/.m2/repository/org/apache/httpcomponents/httpmime/4.5.2/httpmime-4.5.2.jar:/Users/vidhyat/.m2/repository/net/sourceforge/htmlunit/htmlunit-core-js/2.23/htmlunit-core-js-2.23.jar:/Users/vidhyat/.m2/repository/net/sourceforge/htmlunit/neko-htmlunit/2.24/neko-htmlunit-2.24.jar:/Users/vidhyat/.m2/repository/xerces/xercesImpl/2.11.0/xercesImpl-2.11.0.jar:/Users/vidhyat/.m2/repository/xml-apis/xml-apis/1.4.01/xml-apis-1.4.01.jar:/Users/vidhyat/.m2/repository/net/sourceforge/cssparser/cssparser/0.9.21/cssparser-0.9.21.jar:/Users/vidhyat/.m2/repository/org/w3c/css/sac/1.3/sac-1.3.jar:/Users/vidhyat/.m2/repository/commons-io/commons-io/2.5/commons-io-2.5.jar:/Users/vidhyat/.m2/repository/commons-logging/commons-logging/1.2/commons-logging-1.2.jar:/Users/vidhyat/.m2/repository/org/eclipse/jetty/websocket/websocket-client/9.2.20.v20161216/websocket-client-9.2.20.v20161216.jar:/Users/vidhyat/.m2/repository/org/eclipse/jetty/jetty-util/9.2.20.v20161216/jetty-util-9.2.20.v20161216.jar:/Users/vidhyat/.m2/repository/org/eclipse/jetty/jetty-io/9.2.20.v20161216/jetty-io-9.2.20.v20161216.jar:/Users/vidhyat/.m2/repository/org/eclipse/jetty/websocket/websocket-common/9.2.20.v20161216/websocket-common-9.2.20.v20161216.jar:/Users/vidhyat/.m2/repository/org/eclipse/jetty/websocket/websocket-api/9.2.20.v20161216/websocket-api-9.2.20.v20161216.jar:/Users/vidhyat/.m2/repository/org/testng/testng/6.10/testng-6.10.jar:/Users/vidhyat/.m2/repository/com/beust/jcommander/1.48/jcommander-1.48.jar:/Users/vidhyat/.m2/repository/log4j/log4j/1.2.17/log4j-1.2.17.jar:/Users/vidhyat/.m2/repository/org/apache/poi/poi-ooxml/3.14/poi-ooxml-3.14.jar:/Users/vidhyat/.m2/repository/org/apache/poi/poi-ooxml-schemas/3.14/poi-ooxml-schemas-3.14.jar:/Users/vidhyat/.m2/repository/org/apache/xmlbeans/xmlbeans/2.6.0/xmlbeans-2.6.0.jar:/Users/vidhyat/.m2/repository/stax/stax-api/1.0.1/stax-api-1.0.1.jar:/Users/vidhyat/.m2/repository/com/github/virtuald/curvesapi/1.03/curvesapi-1.03.jar:/Users/vidhyat/.m2/repository/org/apache/poi/poi/3.14/poi-3.14.jar:/Users/vidhyat/.m2/repository/commons-codec/commons-codec/1.10/commons-codec-1.10.jar:/Users/vidhyat/.m2/repository/com/relevantcodes/extentreports/2.40.2/extentreports-2.40.2.jar:/Users/vidhyat/.m2/repository/org/jsoup/jsoup/1.8.3/jsoup-1.8.3.jar:/Users/vidhyat/.m2/repository/org/xerial/sqlite-jdbc/3.8.11.1/sqlite-jdbc-3.8.11.1.jar:/Users/vidhyat/.m2/repository/org/freemarker/freemarker/2.3.23/freemarker-2.3.23.jar:/Users/vidhyat/.m2/repository/org/apache/maven/plugins/maven-surefire-plugin/2.19.1/maven-surefire-plugin-2.19.1.jar:/Users/vidhyat/.m2/repository/org/apache/maven/maven-plugin-api/2.2.1/maven-plugin-api-2.2.1.jar:/Users/vidhyat/.m2/repository/org/apache/maven/surefire/maven-surefire-common/2.19.1/maven-surefire-common-2.19.1.jar:/Users/vidhyat/.m2/repository/org/apache/maven/surefire/surefire-booter/2.19.1/surefire-booter-2.19.1.jar:/Users/vidhyat/.m2/repository/org/apache/maven/maven-artifact/2.2.1/maven-artifact-2.2.1.jar:/Users/vidhyat/.m2/repository/org/codehaus/plexus/plexus-utils/1.5.15/plexus-utils-1.5.15.jar:/Users/vidhyat/.m2/repository/org/apache/maven/maven-plugin-descriptor/2.2.1/maven-plugin-descriptor-2.2.1.jar:/Users/vidhyat/.m2/repository/org/codehaus/plexus/plexus-container-default/1.0-alpha-9-stable-1/plexus-container-default-1.0-alpha-9-stable-1.jar:/Users/vidhyat/.m2/repository/junit/junit/3.8.1/junit-3.8.1.jar:/Users/vidhyat/.m2/repository/org/apache/maven/maven-project/2.2.1/maven-project-2.2.1.jar:/Users/vidhyat/.m2/repository/org/apache/maven/maven-settings/2.2.1/maven-settings-2.2.1.jar:/Users/vidhyat/.m2/repository/org/apache/maven/maven-profile/2.2.1/maven-profile-2.2.1.jar:/Users/vidhyat/.m2/repository/org/apache/maven/maven-artifact-manager/2.2.1/maven-artifact-manager-2.2.1.jar:/Users/vidhyat/.m2/repository/backport-util-concurrent/backport-util-concurrent/3.1/backport-util-concurrent-3.1.jar:/Users/vidhyat/.m2/repository/org/apache/maven/maven-plugin-registry/2.2.1/maven-plugin-registry-2.2.1.jar:/Users/vidhyat/.m2/repository/org/codehaus/plexus/plexus-interpolation/1.11/plexus-interpolation-1.11.jar:/Users/vidhyat/.m2/repository/org/apache/maven/maven-model/2.2.1/maven-model-2.2.1.jar:/Users/vidhyat/.m2/repository/org/apache/maven/maven-core/2.2.1/maven-core-2.2.1.jar:/Users/vidhyat/.m2/repository/org/apache/maven/maven-plugin-parameter-documenter/2.2.1/maven-plugin-parameter-documenter-2.2.1.jar:/Users/vidhyat/.m2/repository/org/apache/maven/wagon/wagon-http/1.0-beta-6/wagon-http-1.0-beta-6.jar:/Users/vidhyat/.m2/repository/org/apache/maven/wagon/wagon-http-shared/1.0-beta-6/wagon-http-shared-1.0-beta-6.jar:/Users/vidhyat/.m2/repository/nekohtml/xercesMinimal/1.9.6.2/xercesMinimal-1.9.6.2.jar:/Users/vidhyat/.m2/repository/nekohtml/nekohtml/1.9.6.2/nekohtml-1.9.6.2.jar:/Users/vidhyat/.m2/repository/commons-httpclient/commons-httpclient/3.1/commons-httpclient-3.1.jar:/Users/vidhyat/.m2/repository/org/apache/maven/wagon/wagon-webdav-jackrabbit/1.0-beta-6/wagon-webdav-jackrabbit-1.0-beta-6.jar:/Users/vidhyat/.m2/repository/org/apache/jackrabbit/jackrabbit-webdav/1.5.0/jackrabbit-webdav-1.5.0.jar:/Users/vidhyat/.m2/repository/org/apache/jackrabbit/jackrabbit-jcr-commons/1.5.0/jackrabbit-jcr-commons-1.5.0.jar:/Users/vidhyat/.m2/repository/org/slf4j/slf4j-nop/1.5.3/slf4j-nop-1.5.3.jar:/Users/vidhyat/.m2/repository/org/slf4j/slf4j-jdk14/1.5.6/slf4j-jdk14-1.5.6.jar:/Users/vidhyat/.m2/repository/org/slf4j/slf4j-api/1.5.6/slf4j-api-1.5.6.jar:/Users/vidhyat/.m2/repository/org/slf4j/jcl-over-slf4j/1.5.6/jcl-over-slf4j-1.5.6.jar:/Users/vidhyat/.m2/repository/org/apache/maven/reporting/maven-reporting-api/2.2.1/maven-reporting-api-2.2.1.jar:/Users/vidhyat/.m2/repository/org/apache/maven/doxia/doxia-logging-api/1.1/doxia-logging-api-1.1.jar:/Users/vidhyat/.m2/repository/org/apache/maven/wagon/wagon-provider-api/1.0-beta-6/wagon-provider-api-1.0-beta-6.jar:/Users/vidhyat/.m2/repository/org/apache/maven/maven-repository-metadata/2.2.1/maven-repository-metadata-2.2.1.jar:/Users/vidhyat/.m2/repository/org/apache/maven/maven-error-diagnostics/2.2.1/maven-error-diagnostics-2.2.1.jar:/Users/vidhyat/.m2/repository/org/apache/maven/maven-monitor/2.2.1/maven-monitor-2.2.1.jar:/Users/vidhyat/.m2/repository/classworlds/classworlds/1.1/classworlds-1.1.jar:/Users/vidhyat/.m2/repository/org/sonatype/plexus/plexus-sec-dispatcher/1.3/plexus-sec-dispatcher-1.3.jar:/Users/vidhyat/.m2/repository/org/sonatype/plexus/plexus-cipher/1.4/plexus-cipher-1.4.jar:/Users/vidhyat/.m2/repository/org/apache/commons/commons-lang3/3.1/commons-lang3-3.1.jar:/Users/vidhyat/.m2/repository/org/apache/maven/surefire/surefire-api/2.19.1/surefire-api-2.19.1.jar:/Users/vidhyat/.m2/repository/org/apache/maven/maven-toolchain/2.2.1/maven-toolchain-2.2.1.jar:/Users/vidhyat/.m2/repository/org/apache/maven/plugin-tools/maven-plugin-annotations/3.3/maven-plugin-annotations-3.3.jar:"/>
    <property name="sun.cpu.endian" value="little"/>
    <property name="user.home" value="/Users/vidhyat"/>
    <property name="user.language" value="en"/>
    <property name="java.specification.vendor" value="Oracle Corporation"/>
    <property name="java.version.date" value="2018-10-16"/>
    <property name="java.home" value="/Library/Java/JavaVirtualMachines/openjdk-11.0.1.jdk/Contents/Home"/>
    <property name="file.separator" value="/"/>
    <property name="basedir" value="/Users/vidhyat/Desktop/Projects/Tests"/>
    <property name="java.vm.compressedOopsMode" value="Zero based"/>
    <property name="line.separator" value="&#10;"/>
    <property name="java.specification.name" value="Java Platform API Specification"/>
    <property name="java.vm.specification.vendor" value="Oracle Corporation"/>
    <property name="java.awt.graphicsenv" value="sun.awt.CGraphicsEnvironment"/>
    <property name="surefire.real.class.path" value="/Users/vidhyat/Desktop/Projects/Tests/target/surefire/surefirebooter9130736008864413564.jar"/>
    <property name="sun.management.compiler" value="HotSpot 64-Bit Tiered Compilers"/>
    <property name="ftp.nonProxyHosts" value="local|*.local|169.254/16|*.169.254/16"/>
    <property name="java.runtime.version" value="11.0.1+13"/>
    <property name="user.name" value="vidhyat"/>
    <property name="path.separator" value=":"/>
    <property name="os.version" value="10.13.4"/>
    <property name="java.runtime.name" value="OpenJDK Runtime Environment"/>
    <property name="file.encoding" value="UTF-8"/>
    <property name="java.vm.name" value="OpenJDK 64-Bit Server VM"/>
    <property name="java.vendor.version" value="18.9"/>
    <property name="localRepository" value="/Users/vidhyat/.m2/repository"/>
    <property name="java.vendor.url.bug" value="http://bugreport.java.com/bugreport/"/>
    <property name="java.io.tmpdir" value="/var/folders/mk/3rzqn8rd3fj99p68smm7r0c80000gp/T/"/>
    <property name="java.version" value="11.0.1"/>
    <property name="user.dir" value="/Users/vidhyat/Desktop/Projects/Tests"/>
    <property name="os.arch" value="x86_64"/>
    <property name="java.vm.specification.name" value="Java Virtual Machine Specification"/>
    <property name="java.awt.printerjob" value="sun.lwawt.macosx.CPrinterJob"/>
    <property name="sun.os.patch.level" value="unknown"/>
    <property name="java.library.path" value="/Users/vidhyat/Library/Java/Extensions:/Library/Java/Extensions:/Network/Library/Java/Extensions:/System/Library/Java/Extensions:/usr/lib/java:."/>
    <property name="java.vendor" value="Oracle Corporation"/>
    <property name="java.vm.info" value="mixed mode"/>
    <property name="java.vm.version" value="11.0.1+13"/>
    <property name="sun.io.unicode.encoding" value="UnicodeBig"/>
    <property name="java.class.version" value="55.0"/>
    <property name="socksNonProxyHosts" value="local|*.local|169.254/16|*.169.254/16"/>
  </properties>
  <testcase name="TestOne" classname="GoogleHomepage" time="5.63"/>
  <testcase name="TestTwo" classname="GoogleHomepage2" time="5.633"/>
</testsuite>