<?xml version="1.0" encoding="UTF-8"?>
<!-- Generated by org.testng.reporters.JUnitReportReporter -->
<testsuite ignored="0" hostname="INVidhya.local" failures="0" tests="1" name="GoogleHomepage" time="5.631" errors="0" timestamp="20 Feb 2019 14:08:59 GMT" skipped="0">
  <testcase classname="GoogleHomepage" name="TestOne" time="5.631"/>
</testsuite> <!-- GoogleHomepage -->
